#
# A fatal error has been detected by the Java Runtime Environment:
#
#  EXCEPTION_ACCESS_VIOLATION (0xc0000005) at pc=0x00000000590de985, pid=776, tid=0x0000000000002520
#
# JRE version: OpenJDK Runtime Environment (8.0_152-b01) (build 1.8.0_152-release-915-b01)
# Java VM: OpenJDK 64-Bit Server VM (25.152-b01 mixed mode windows-amd64 compressed oops)
# Problematic frame:
# V  [jvm.dll+0x6e985]
#
# Failed to write core dump. Minidumps are not enabled by default on client versions of Windows
#
# If you would like to submit a bug report, please visit:
#   http://bugreport.java.com/bugreport/crash.jsp
#

---------------  T H R E A D  ---------------

Current thread (0x000000001a10e800):  JavaThread "C2 CompilerThread0" daemon [_thread_in_native, id=9504, stack(0x000000001a9d0000,0x000000001aad0000)]

siginfo: ExceptionCode=0xc0000005, reading address 0x0000000030bd68b0

Registers:
RAX=0x000000001bf03360, RBX=0x000000001a10ed90, RCX=0x0000000000002115, RDX=0x0000000000002104
RSP=0x000000001aacbfc0, RBP=0x000000001e438d50, RSI=0x000000001bf03090, RDI=0x0000000030bd68a0
R8 =0x000000001bf03340, R9 =0x0000000000000036, R10=0x000000001c65f238, R11=0x0000000000000000
R12=0x0000000000000036, R13=0x0000000000002114, R14=0x000000001ed81490, R15=0x000000001ed81a40
RIP=0x00000000590de985, EFLAGS=0x0000000000010206

Top of Stack: (sp=0x000000001aacbfc0)
0x000000001aacbfc0:   000000001e438d50 0000000000000036
0x000000001aacbfd0:   000000001a10ed90 000000001bf03090
0x000000001aacbfe0:   000000001aace780 0000000000000000
0x000000001aacbff0:   0000000000002111 000000005953615e
0x000000001aacc000:   000000000000210c 000000001e438d50
0x000000001aacc010:   0000000000000001 000000001b66edc0
0x000000001aacc020:   000000001ed81a00 000000001ed81400
0x000000001aacc030:   0000000000006400 000000000000210c
0x000000001aacc040:   0000000000002111 0000000000000000
0x000000001aacc050:   0000000000000000 0000000800000000
0x000000001aacc060:   000000001f865260 000000000000000b
0x000000001aacc070:   000000001ed81a00 000000001f8651a0
0x000000001aacc080:   000000001ed819b0 000000001ed81a40
0x000000001aacc090:   0000000000004883 0000000030bd68a0
0x000000001aacc0a0:   0000000000000000 000000001e438d50
0x000000001aacc0b0:   0000000000000201 000000001aace780 

Instructions: (pc=0x00000000590de985)
0x00000000590de965:   40 10 7d 0f 48 8b c8 49 8b 00 88 14 01 41 ff 40
0x00000000590de975:   08 eb 08 49 8b c8 e8 f0 e8 ff ff 48 85 ff 74 04
0x00000000590de985:   48 8b 7f 10 48 8b 6b 18 48 8b d7 48 8d 4d 28 e8
0x00000000590de995:   47 aa 00 00 8b d0 85 c0 79 11 48 8d 4d 28 41 b0 


Register to memory mapping:

RAX=0x000000001bf03360 is an unknown value
RBX=0x000000001a10ed90 is an unknown value
RCX=0x0000000000002115 is an unknown value
RDX=0x0000000000002104 is an unknown value
RSP=0x000000001aacbfc0 is pointing into the stack for thread: 0x000000001a10e800
RBP=0x000000001e438d50 is an unknown value
RSI=0x000000001bf03090 is an unknown value
RDI=0x0000000030bd68a0 is an unknown value
R8 =0x000000001bf03340 is an unknown value
R9 =0x0000000000000036 is an unknown value
R10=0x000000001c65f238 is an unknown value
R11=0x0000000000000000 is an unknown value
R12=0x0000000000000036 is an unknown value
R13=0x0000000000002114 is an unknown value
R14=0x000000001ed81490 is an unknown value
R15=0x000000001ed81a40 is an unknown value


Stack: [0x000000001a9d0000,0x000000001aad0000],  sp=0x000000001aacbfc0,  free space=1007k
Native frames: (J=compiled Java code, j=interpreted, Vv=VM code, C=native code)
V  [jvm.dll+0x6e985]
V  [jvm.dll+0x4c615e]
V  [jvm.dll+0x4c6cc7]
V  [jvm.dll+0x4c807a]
V  [jvm.dll+0x43f2d2]
V  [jvm.dll+0x441a6e]
V  [jvm.dll+0x424b32]
V  [jvm.dll+0x80fa9]
V  [jvm.dll+0x818df]
V  [jvm.dll+0x21d06f]
V  [jvm.dll+0x26d4aa]
C  [msvcr100.dll+0x21d9f]
C  [msvcr100.dll+0x21e3b]
C  [KERNEL32.DLL+0x11fe4]
C  [ntdll.dll+0x6ef91]


Current CompileTask:
C2:  11752 3578       4       sun.reflect.generics.parser.SignatureParser::parseFieldTypeSignature (73 bytes)


---------------  P R O C E S S  ---------------

Java Threads: ( => current thread )
  0x000000001bea2800 JavaThread "File lock request listener" [_thread_in_native, id=804, stack(0x0000000022460000,0x0000000022560000)]
  0x000000001c5a1800 JavaThread "Stdin handler" [_thread_blocked, id=15052, stack(0x000000001d820000,0x000000001d920000)]
  0x000000001bffa000 JavaThread "Asynchronous log dispatcher for DefaultDaemonConnection: socket connection from /127.0.0.1:50613 to /127.0.0.1:50614" [_thread_blocked, id=88, stack(0x000000001d620000,0x000000001d720000)]
  0x000000001c59a800 JavaThread "Daemon worker" [_thread_in_native, id=6872, stack(0x000000001d520000,0x000000001d620000)]
  0x000000001c597000 JavaThread "Cancel handler" [_thread_blocked, id=9624, stack(0x000000001d420000,0x000000001d520000)]
  0x000000001c585800 JavaThread "pool-1-thread-1" [_thread_blocked, id=9500, stack(0x000000001d320000,0x000000001d420000)]
  0x000000001c575800 JavaThread "Handler for socket connection from /127.0.0.1:50613 to /127.0.0.1:50614" [_thread_in_native, id=7100, stack(0x000000001d220000,0x000000001d320000)]
  0x000000001bf96800 JavaThread "Daemon" [_thread_blocked, id=12024, stack(0x000000001d120000,0x000000001d220000)]
  0x000000001c113800 JavaThread "Incoming local TCP Connector on port 50613" [_thread_in_native, id=5908, stack(0x000000001cce0000,0x000000001cde0000)]
  0x000000001a1a6800 JavaThread "Service Thread" daemon [_thread_blocked, id=12984, stack(0x000000001add0000,0x000000001aed0000)]
  0x000000001a117000 JavaThread "C1 CompilerThread3" daemon [_thread_blocked, id=9704, stack(0x000000001acd0000,0x000000001add0000)]
  0x00000000181fa000 JavaThread "C2 CompilerThread2" daemon [_thread_in_native, id=6644, stack(0x000000001abd0000,0x000000001acd0000)]
  0x000000001a112000 JavaThread "C2 CompilerThread1" daemon [_thread_in_native, id=6028, stack(0x000000001aad0000,0x000000001abd0000)]
=>0x000000001a10e800 JavaThread "C2 CompilerThread0" daemon [_thread_in_native, id=9504, stack(0x000000001a9d0000,0x000000001aad0000)]
  0x000000001a10c000 JavaThread "Attach Listener" daemon [_thread_blocked, id=14048, stack(0x000000001a8d0000,0x000000001a9d0000)]
  0x000000001a10b000 JavaThread "Signal Dispatcher" daemon [_thread_blocked, id=11904, stack(0x000000001a7d0000,0x000000001a8d0000)]
  0x000000001a100800 JavaThread "Finalizer" daemon [_thread_blocked, id=9232, stack(0x000000001a4e0000,0x000000001a5e0000)]
  0x0000000004428800 JavaThread "Reference Handler" daemon [_thread_blocked, id=10772, stack(0x0000000019fe0000,0x000000001a0e0000)]
  0x00000000042ee000 JavaThread "main" [_thread_blocked, id=12332, stack(0x0000000004170000,0x0000000004270000)]

Other Threads:
  0x00000000181e6000 VMThread [stack: 0x0000000019ee0000,0x0000000019fe0000] [id=1212]
  0x000000001a1a8800 WatcherThread [stack: 0x000000001aed0000,0x000000001afd0000] [id=11304]

VM state:not at safepoint (normal execution)

VM Mutex/Monitor currently owned by a thread: None

Heap:
 PSYoungGen      total 223232K, used 67393K [0x00000000e0000000, 0x00000000f1680000, 0x0000000100000000)
  eden space 211968K, 31% used [0x00000000e0000000,0x00000000e41d0508,0x00000000ecf00000)
  from space 11264K, 0% used [0x00000000efb80000,0x00000000efb80000,0x00000000f0680000)
  to   space 16384K, 0% used [0x00000000f0680000,0x00000000f0680000,0x00000000f1680000)
 ParOldGen       total 374784K, used 18606K [0x00000000a0000000, 0x00000000b6e00000, 0x00000000e0000000)
  object space 374784K, 4% used [0x00000000a0000000,0x00000000a122b870,0x00000000b6e00000)
 Metaspace       used 37253K, capacity 38140K, committed 38272K, reserved 1081344K
  class space    used 5126K, capacity 5404K, committed 5504K, reserved 1048576K

Card table byte_map: [0x00000000137f0000,0x0000000013b00000] byte_map_base: 0x00000000132f0000

Marking Bits: (ParMarkBitMap*) 0x0000000059833950
 Begin Bits: [0x0000000014500000, 0x0000000015d00000)
 End Bits:   [0x0000000015d00000, 0x0000000017500000)

Polling page: 0x0000000002970000

CodeCache: size=245760Kb used=13570Kb max_used=13570Kb free=232189Kb
 bounds [0x0000000004430000, 0x0000000005180000, 0x0000000013430000]
 total_blobs=4316 nmethods=3601 adapters=626
 compilation: enabled

Compilation events (10 events):
Event: 11.559 Thread 0x000000001a117000 3616       3       java.util.regex.Pattern$Curly::study (153 bytes)
Event: 11.559 Thread 0x000000001a117000 nmethod 3616 0x000000000516d350 code [0x000000000516d4e0, 0x000000000516da98]
Event: 11.573 Thread 0x000000001a117000 3617       3       java.lang.invoke.MethodHandles$Lookup::lookupClassOrNull (17 bytes)
Event: 11.573 Thread 0x000000001a117000 nmethod 3617 0x000000000516dc50 code [0x000000000516dda0, 0x000000000516df50]
Event: 11.597 Thread 0x000000001a117000 3618       3       java.lang.invoke.MethodType::<init> (40 bytes)
Event: 11.597 Thread 0x000000001a117000 nmethod 3618 0x000000000516dfd0 code [0x000000000516e180, 0x000000000516e7e8]
Event: 11.597 Thread 0x000000001a117000 3619       3       java.lang.invoke.MethodTypeForm::canonicalize (64 bytes)
Event: 11.598 Thread 0x000000001a117000 nmethod 3619 0x000000000516ea90 code [0x000000000516ec20, 0x000000000516f068]
Event: 11.598 Thread 0x000000001a117000 3620       3       java.lang.invoke.MethodType$ConcurrentWeakInternSet::add (66 bytes)
Event: 11.598 Thread 0x000000001a117000 nmethod 3620 0x000000000516f190 code [0x000000000516f3c0, 0x0000000005170188]

GC Heap History (10 events):
Event: 2.717 GC heap before
{Heap before GC invocations=1 (full 0):
 PSYoungGen      total 153088K, used 130645K [0x00000000e0000000, 0x00000000eaa80000, 0x0000000100000000)
  eden space 131584K, 99% used [0x00000000e0000000,0x00000000e7f95458,0x00000000e8080000)
  from space 21504K, 0% used [0x00000000e9580000,0x00000000e9580000,0x00000000eaa80000)
  to   space 21504K, 0% used [0x00000000e8080000,0x00000000e8080000,0x00000000e9580000)
 ParOldGen       total 349696K, used 0K [0x00000000a0000000, 0x00000000b5580000, 0x00000000e0000000)
  object space 349696K, 0% used [0x00000000a0000000,0x00000000a0000000,0x00000000b5580000)
 Metaspace       used 20772K, capacity 21096K, committed 21296K, reserved 1067008K
  class space    used 2734K, capacity 2826K, committed 2944K, reserved 1048576K
Event: 2.746 GC heap after
Heap after GC invocations=1 (full 0):
 PSYoungGen      total 153088K, used 17130K [0x00000000e0000000, 0x00000000f2b00000, 0x0000000100000000)
  eden space 131584K, 0% used [0x00000000e0000000,0x00000000e0000000,0x00000000e8080000)
  from space 21504K, 79% used [0x00000000e8080000,0x00000000e913ab40,0x00000000e9580000)
  to   space 21504K, 0% used [0x00000000f1600000,0x00000000f1600000,0x00000000f2b00000)
 ParOldGen       total 349696K, used 16K [0x00000000a0000000, 0x00000000b5580000, 0x00000000e0000000)
  object space 349696K, 0% used [0x00000000a0000000,0x00000000a0004000,0x00000000b5580000)
 Metaspace       used 20772K, capacity 21096K, committed 21296K, reserved 1067008K
  class space    used 2734K, capacity 2826K, committed 2944K, reserved 1048576K
}
Event: 2.746 GC heap before
{Heap before GC invocations=2 (full 1):
 PSYoungGen      total 153088K, used 17130K [0x00000000e0000000, 0x00000000f2b00000, 0x0000000100000000)
  eden space 131584K, 0% used [0x00000000e0000000,0x00000000e0000000,0x00000000e8080000)
  from space 21504K, 79% used [0x00000000e8080000,0x00000000e913ab40,0x00000000e9580000)
  to   space 21504K, 0% used [0x00000000f1600000,0x00000000f1600000,0x00000000f2b00000)
 ParOldGen       total 349696K, used 16K [0x00000000a0000000, 0x00000000b5580000, 0x00000000e0000000)
  object space 349696K, 0% used [0x00000000a0000000,0x00000000a0004000,0x00000000b5580000)
 Metaspace       used 20772K, capacity 21096K, committed 21296K, reserved 1067008K
  class space    used 2734K, capacity 2826K, committed 2944K, reserved 1048576K
Event: 2.817 GC heap after
Heap after GC invocations=2 (full 1):
 PSYoungGen      total 153088K, used 0K [0x00000000e0000000, 0x00000000f2b00000, 0x0000000100000000)
  eden space 131584K, 0% used [0x00000000e0000000,0x00000000e0000000,0x00000000e8080000)
  from space 21504K, 0% used [0x00000000e8080000,0x00000000e8080000,0x00000000e9580000)
  to   space 21504K, 0% used [0x00000000f1600000,0x00000000f1600000,0x00000000f2b00000)
 ParOldGen       total 242688K, used 16489K [0x00000000a0000000, 0x00000000aed00000, 0x00000000e0000000)
  object space 242688K, 6% used [0x00000000a0000000,0x00000000a101a520,0x00000000aed00000)
 Metaspace       used 20772K, capacity 21096K, committed 21296K, reserved 1067008K
  class space    used 2734K, capacity 2826K, committed 2944K, reserved 1048576K
}
Event: 8.561 GC heap before
{Heap before GC invocations=3 (full 1):
 PSYoungGen      total 153088K, used 131584K [0x00000000e0000000, 0x00000000f2b00000, 0x0000000100000000)
  eden space 131584K, 100% used [0x00000000e0000000,0x00000000e8080000,0x00000000e8080000)
  from space 21504K, 0% used [0x00000000e8080000,0x00000000e8080000,0x00000000e9580000)
  to   space 21504K, 0% used [0x00000000f1600000,0x00000000f1600000,0x00000000f2b00000)
 ParOldGen       total 242688K, used 16489K [0x00000000a0000000, 0x00000000aed00000, 0x00000000e0000000)
  object space 242688K, 6% used [0x00000000a0000000,0x00000000a101a520,0x00000000aed00000)
 Metaspace       used 31559K, capacity 32130K, committed 32512K, reserved 1077248K
  class space    used 4315K, capacity 4527K, committed 4608K, reserved 1048576K
Event: 8.576 GC heap after
Heap after GC invocations=3 (full 1):
 PSYoungGen      total 174080K, used 15540K [0x00000000e0000000, 0x00000000f2580000, 0x0000000100000000)
  eden space 158208K, 0% used [0x00000000e0000000,0x00000000e0000000,0x00000000e9a80000)
  from space 15872K, 97% used [0x00000000f1600000,0x00000000f252d048,0x00000000f2580000)
  to   space 21504K, 0% used [0x00000000efb80000,0x00000000efb80000,0x00000000f1080000)
 ParOldGen       total 242688K, used 16497K [0x00000000a0000000, 0x00000000aed00000, 0x00000000e0000000)
  object space 242688K, 6% used [0x00000000a0000000,0x00000000a101c520,0x00000000aed00000)
 Metaspace       used 31559K, capacity 32130K, committed 32512K, reserved 1077248K
  class space    used 4315K, capacity 4527K, committed 4608K, reserved 1048576K
}
Event: 9.159 GC heap before
{Heap before GC invocations=4 (full 1):
 PSYoungGen      total 174080K, used 79022K [0x00000000e0000000, 0x00000000f2580000, 0x0000000100000000)
  eden space 158208K, 40% used [0x00000000e0000000,0x00000000e3dfe928,0x00000000e9a80000)
  from space 15872K, 97% used [0x00000000f1600000,0x00000000f252d048,0x00000000f2580000)
  to   space 21504K, 0% used [0x00000000efb80000,0x00000000efb80000,0x00000000f1080000)
 ParOldGen       total 242688K, used 16497K [0x00000000a0000000, 0x00000000aed00000, 0x00000000e0000000)
  object space 242688K, 6% used [0x00000000a0000000,0x00000000a101c520,0x00000000aed00000)
 Metaspace       used 34860K, capacity 35408K, committed 35496K, reserved 1079296K
  class space    used 4703K, capacity 4862K, committed 4864K, reserved 1048576K
Event: 9.177 GC heap after
Heap after GC invocations=4 (full 1):
 PSYoungGen      total 223232K, used 11201K [0x00000000e0000000, 0x00000000f1680000, 0x0000000100000000)
  eden space 211968K, 0% used [0x00000000e0000000,0x00000000e0000000,0x00000000ecf00000)
  from space 11264K, 99% used [0x00000000efb80000,0x00000000f0670410,0x00000000f0680000)
  to   space 16384K, 0% used [0x00000000f0680000,0x00000000f0680000,0x00000000f1680000)
 ParOldGen       total 242688K, used 16505K [0x00000000a0000000, 0x00000000aed00000, 0x00000000e0000000)
  object space 242688K, 6% used [0x00000000a0000000,0x00000000a101e520,0x00000000aed00000)
 Metaspace       used 34860K, capacity 35408K, committed 35496K, reserved 1079296K
  class space    used 4703K, capacity 4862K, committed 4864K, reserved 1048576K
}
Event: 9.177 GC heap before
{Heap before GC invocations=5 (full 2):
 PSYoungGen      total 223232K, used 11201K [0x00000000e0000000, 0x00000000f1680000, 0x0000000100000000)
  eden space 211968K, 0% used [0x00000000e0000000,0x00000000e0000000,0x00000000ecf00000)
  from space 11264K, 99% used [0x00000000efb80000,0x00000000f0670410,0x00000000f0680000)
  to   space 16384K, 0% used [0x00000000f0680000,0x00000000f0680000,0x00000000f1680000)
 ParOldGen       total 242688K, used 16505K [0x00000000a0000000, 0x00000000aed00000, 0x00000000e0000000)
  object space 242688K, 6% used [0x00000000a0000000,0x00000000a101e520,0x00000000aed00000)
 Metaspace       used 34860K, capacity 35408K, committed 35496K, reserved 1079296K
  class space    used 4703K, capacity 4862K, committed 4864K, reserved 1048576K
Event: 9.238 GC heap after
Heap after GC invocations=5 (full 2):
 PSYoungGen      total 223232K, used 0K [0x00000000e0000000, 0x00000000f1680000, 0x0000000100000000)
  eden space 211968K, 0% used [0x00000000e0000000,0x00000000e0000000,0x00000000ecf00000)
  from space 11264K, 0% used [0x00000000efb80000,0x00000000efb80000,0x00000000f0680000)
  to   space 16384K, 0% used [0x00000000f0680000,0x00000000f0680000,0x00000000f1680000)
 ParOldGen       total 374784K, used 18606K [0x00000000a0000000, 0x00000000b6e00000, 0x00000000e0000000)
  object space 374784K, 4% used [0x00000000a0000000,0x00000000a122b870,0x00000000b6e00000)
 Metaspace       used 34860K, capacity 35408K, committed 35496K, reserved 1079296K
  class space    used 4703K, capacity 4862K, committed 4864K, reserved 1048576K
}

Deoptimization events (10 events):
Event: 8.576 Thread 0x0000000004428800 Uncommon trap: reason=unstable_if action=reinterpret pc=0x0000000004980b20 method=java.lang.ref.ReferenceQueue.enqueue(Ljava/lang/ref/Reference;)Z @ 61
Event: 8.671 Thread 0x000000001c59a800 Uncommon trap: reason=unstable_if action=reinterpret pc=0x0000000004ca0434 method=java.util.HashMap.putVal(ILjava/lang/Object;Ljava/lang/Object;ZZ)Ljava/lang/Object; @ 162
Event: 8.672 Thread 0x000000001c59a800 Uncommon trap: reason=unstable_if action=reinterpret pc=0x00000000046cce5c method=java.util.HashMap.resize()[Ljava/util/HashMap$Node; @ 206
Event: 9.105 Thread 0x000000001c59a800 Uncommon trap: reason=unstable_if action=reinterpret pc=0x0000000004fe6fa4 method=java.util.HashMap.putVal(ILjava/lang/Object;Ljava/lang/Object;ZZ)Ljava/lang/Object; @ 236
Event: 9.127 Thread 0x000000001c59a800 Uncommon trap: reason=unstable_if action=reinterpret pc=0x0000000004955cfc method=java.lang.CharacterDataLatin1.isWhitespace(I)Z @ 14
Event: 9.244 Thread 0x000000001c59a800 Uncommon trap: reason=unstable_if action=reinterpret pc=0x0000000004b3a06c method=java.security.CodeSource.getCertificates()[Ljava/security/cert/Certificate; @ 22
Event: 9.263 Thread 0x000000001c59a800 Uncommon trap: reason=unstable_if action=reinterpret pc=0x0000000004e43fb8 method=java.util.LinkedHashMap.get(Ljava/lang/Object;)Ljava/lang/Object; @ 20
Event: 10.946 Thread 0x000000001c59a800 Uncommon trap: reason=unstable_if action=reinterpret pc=0x00000000048192fc method=java.lang.String$CaseInsensitiveComparator.compare(Ljava/lang/String;Ljava/lang/String;)I @ 70
Event: 11.271 Thread 0x000000001c59a800 Uncommon trap: reason=unstable_if action=reinterpret pc=0x0000000004846a5c method=java.lang.ref.ReferenceQueue.poll()Ljava/lang/ref/Reference; @ 4
Event: 11.427 Thread 0x000000001c59a800 Uncommon trap: reason=unstable_if action=reinterpret pc=0x000000000513d694 method=groovy.lang.MetaClassImpl.filterPropertyMethod(Ljava/lang/Object;ZZ)Ljava/lang/Object; @ 187

Classes redefined (0 events):
No events

Internal exceptions (10 events):
Event: 11.589 Thread 0x000000001c59a800 Exception <a 'sun/nio/fs/WindowsException'> (0x00000000e3d42c60) thrown at [D:\src\AOSP-openjdk-cygwin\jdk8u\hotspot\src\share\vm\prims\jni.cpp, line 709]
Event: 11.589 Thread 0x000000001c59a800 Exception <a 'sun/nio/fs/WindowsException'> (0x00000000e3d438b8) thrown at [D:\src\AOSP-openjdk-cygwin\jdk8u\hotspot\src\share\vm\prims\jni.cpp, line 709]
Event: 11.644 Thread 0x000000001c59a800 Exception <a 'sun/nio/fs/WindowsException'> (0x00000000e3d55420) thrown at [D:\src\AOSP-openjdk-cygwin\jdk8u\hotspot\src\share\vm\prims\jni.cpp, line 709]
Event: 11.644 Thread 0x000000001c59a800 Exception <a 'sun/nio/fs/WindowsException'> (0x00000000e3d56088) thrown at [D:\src\AOSP-openjdk-cygwin\jdk8u\hotspot\src\share\vm\prims\jni.cpp, line 709]
Event: 11.644 Thread 0x000000001c59a800 Exception <a 'sun/nio/fs/WindowsException'> (0x00000000e3d580f0) thrown at [D:\src\AOSP-openjdk-cygwin\jdk8u\hotspot\src\share\vm\prims\jni.cpp, line 709]
Event: 11.644 Thread 0x000000001c59a800 Exception <a 'sun/nio/fs/WindowsException'> (0x00000000e3d58d98) thrown at [D:\src\AOSP-openjdk-cygwin\jdk8u\hotspot\src\share\vm\prims\jni.cpp, line 709]
Event: 11.698 Thread 0x000000001c59a800 Exception <a 'sun/nio/fs/WindowsException'> (0x00000000e3d5c1c0) thrown at [D:\src\AOSP-openjdk-cygwin\jdk8u\hotspot\src\share\vm\prims\jni.cpp, line 709]
Event: 11.698 Thread 0x000000001c59a800 Exception <a 'sun/nio/fs/WindowsException'> (0x00000000e3d5ce50) thrown at [D:\src\AOSP-openjdk-cygwin\jdk8u\hotspot\src\share\vm\prims\jni.cpp, line 709]
Event: 11.698 Thread 0x000000001c59a800 Exception <a 'sun/nio/fs/WindowsException'> (0x00000000e3d5eee0) thrown at [D:\src\AOSP-openjdk-cygwin\jdk8u\hotspot\src\share\vm\prims\jni.cpp, line 709]
Event: 11.698 Thread 0x000000001c59a800 Exception <a 'sun/nio/fs/WindowsException'> (0x00000000e3d5fbb0) thrown at [D:\src\AOSP-openjdk-cygwin\jdk8u\hotspot\src\share\vm\prims\jni.cpp, line 709]

Events (10 events):
Event: 11.604 loading class java/nio/file/attribute/FileAttributeView done
Event: 11.604 loading class java/nio/file/attribute/BasicFileAttributeView done
Event: 11.604 loading class sun/nio/fs/WindowsFileAttributeViews
Event: 11.604 loading class sun/nio/fs/WindowsFileAttributeViews done
Event: 11.604 loading class sun/nio/fs/WindowsFileAttributeViews$Basic
Event: 11.605 loading class sun/nio/fs/AbstractBasicFileAttributeView
Event: 11.605 loading class sun/nio/fs/DynamicFileAttributeView
Event: 11.605 loading class sun/nio/fs/DynamicFileAttributeView done
Event: 11.605 loading class sun/nio/fs/AbstractBasicFileAttributeView done
Event: 11.605 loading class sun/nio/fs/WindowsFileAttributeViews$Basic done


Dynamic libraries:
0x00007ff61f090000 - 0x00007ff61f0c1000 	C:\Program Files\Android\Android Studio\jre\bin\java.exe
0x00007ff96cd00000 - 0x00007ff96cee0000 	C:\WINDOWS\SYSTEM32\ntdll.dll
0x00007ff96c0c0000 - 0x00007ff96c16e000 	C:\WINDOWS\System32\KERNEL32.DLL
0x00007ff9694d0000 - 0x00007ff969736000 	C:\WINDOWS\System32\KERNELBASE.dll
0x00007ff96cad0000 - 0x00007ff96cb71000 	C:\WINDOWS\System32\ADVAPI32.dll
0x00007ff96ba50000 - 0x00007ff96baed000 	C:\WINDOWS\System32\msvcrt.dll
0x00007ff96b8a0000 - 0x00007ff96b8fb000 	C:\WINDOWS\System32\sechost.dll
0x00007ff96b780000 - 0x00007ff96b89f000 	C:\WINDOWS\System32\RPCRT4.dll
0x00007ff96baf0000 - 0x00007ff96bc7f000 	C:\WINDOWS\System32\USER32.dll
0x00007ff969740000 - 0x00007ff969760000 	C:\WINDOWS\System32\win32u.dll
0x00007ff96b910000 - 0x00007ff96b938000 	C:\WINDOWS\System32\GDI32.dll
0x00007ff969330000 - 0x00007ff9694c3000 	C:\WINDOWS\System32\gdi32full.dll
0x00007ff9697b0000 - 0x00007ff96984b000 	C:\WINDOWS\System32\msvcp_win.dll
0x00007ff969900000 - 0x00007ff9699f6000 	C:\WINDOWS\System32\ucrtbase.dll
0x00007ff95e060000 - 0x00007ff95e2c9000 	C:\WINDOWS\WinSxS\amd64_microsoft.windows.common-controls_6595b64144ccf1df_6.0.16299.125_none_15cbcf8893620c09\COMCTL32.dll
0x00007ff96c750000 - 0x00007ff96ca58000 	C:\WINDOWS\System32\combase.dll
0x00007ff96a150000 - 0x00007ff96a1c2000 	C:\WINDOWS\System32\bcryptPrimitives.dll
0x00007ff96b750000 - 0x00007ff96b77d000 	C:\WINDOWS\System32\IMM32.DLL
0x00000000598b0000 - 0x0000000059982000 	C:\Program Files\Android\Android Studio\jre\jre\bin\msvcr100.dll
0x0000000059070000 - 0x00000000598ae000 	C:\Program Files\Android\Android Studio\jre\jre\bin\server\jvm.dll
0x00007ff96bc80000 - 0x00007ff96bc88000 	C:\WINDOWS\System32\PSAPI.DLL
0x00007ff965220000 - 0x00007ff965243000 	C:\WINDOWS\SYSTEM32\WINMM.dll
0x00007ff968d10000 - 0x00007ff968d19000 	C:\WINDOWS\SYSTEM32\WSOCK32.dll
0x00007ff96beb0000 - 0x00007ff96bf1c000 	C:\WINDOWS\System32\WS2_32.dll
0x00007ff9631b0000 - 0x00007ff9631ba000 	C:\WINDOWS\SYSTEM32\VERSION.dll
0x00007ff9651c0000 - 0x00007ff9651ea000 	C:\WINDOWS\SYSTEM32\WINMMBASE.dll
0x00007ff969760000 - 0x00007ff9697aa000 	C:\WINDOWS\System32\cfgmgr32.dll
0x00007ff966c20000 - 0x00007ff966c2f000 	C:\Program Files\Android\Android Studio\jre\jre\bin\verify.dll
0x00007ff962050000 - 0x00007ff962079000 	C:\Program Files\Android\Android Studio\jre\jre\bin\java.dll
0x00007ff962030000 - 0x00007ff962046000 	C:\Program Files\Android\Android Studio\jre\jre\bin\zip.dll
0x00007ff96a250000 - 0x00007ff96b686000 	C:\WINDOWS\System32\SHELL32.dll
0x00007ff96be00000 - 0x00007ff96bea6000 	C:\WINDOWS\System32\shcore.dll
0x00007ff969a00000 - 0x00007ff96a147000 	C:\WINDOWS\System32\windows.storage.dll
0x00007ff96c170000 - 0x00007ff96c1c1000 	C:\WINDOWS\System32\shlwapi.dll
0x00007ff9690c0000 - 0x00007ff9690d1000 	C:\WINDOWS\System32\kernel.appcore.dll
0x00007ff969070000 - 0x00007ff9690bc000 	C:\WINDOWS\System32\powrprof.dll
0x00007ff9690e0000 - 0x00007ff9690fb000 	C:\WINDOWS\System32\profapi.dll
0x00007ff962010000 - 0x00007ff96202a000 	C:\Program Files\Android\Android Studio\jre\jre\bin\net.dll
0x00007ff968590000 - 0x00007ff9685f6000 	C:\WINDOWS\system32\mswsock.dll
0x00007ff961ff0000 - 0x00007ff962001000 	C:\Program Files\Android\Android Studio\jre\jre\bin\nio.dll
0x00007ff961e20000 - 0x00007ff961e3e000 	C:\Users\cristi\.gradle\native\23\windows-amd64\native-platform.dll
0x00007ff968d80000 - 0x00007ff968d97000 	C:\WINDOWS\SYSTEM32\CRYPTSP.dll
0x00007ff9681a0000 - 0x00007ff9681d3000 	C:\WINDOWS\system32\rsaenh.dll
0x00007ff968b10000 - 0x00007ff968b35000 	C:\WINDOWS\SYSTEM32\bcrypt.dll
0x00007ff968f80000 - 0x00007ff968fa9000 	C:\WINDOWS\SYSTEM32\USERENV.dll
0x00007ff968750000 - 0x00007ff96875b000 	C:\WINDOWS\SYSTEM32\CRYPTBASE.dll
0x00007ff968320000 - 0x00007ff968359000 	C:\WINDOWS\SYSTEM32\IPHLPAPI.DLL
0x00007ff96b900000 - 0x00007ff96b908000 	C:\WINDOWS\System32\NSI.dll
0x00007ff963e70000 - 0x00007ff963e86000 	C:\WINDOWS\SYSTEM32\dhcpcsvc6.DLL
0x00007ff963e50000 - 0x00007ff963e6a000 	C:\WINDOWS\SYSTEM32\dhcpcsvc.DLL
0x00007ff966720000 - 0x00007ff96672d000 	C:\Program Files\Android\Android Studio\jre\jre\bin\management.dll
0x00007ff968b40000 - 0x00007ff968d08000 	C:\WINDOWS\SYSTEM32\dbghelp.dll

VM Arguments:
jvm_args: -Xmx1536M -Dfile.encoding=windows-1252 -Duser.country=US -Duser.language=en -Duser.variant 
java_command: org.gradle.launcher.daemon.bootstrap.GradleDaemon 3.3
java_class_path (initial): C:\Users\cristi\.gradle\wrapper\dists\gradle-3.3-all\55gk2rcmfc6p2dg9u9ohc3hw9\gradle-3.3\lib\gradle-launcher-3.3.jar
Launcher Type: SUN_STANDARD

Environment Variables:
JAVA_HOME=C:\Program Files\Android\Android Studio\jre
CLASSPATH=E:\Work\scuba-flutter\android\\gradle\wrapper\gradle-wrapper.jar
PATH=C:\Program Files\Oculus\Support\oculus-runtime;C:\Perl64\site\bin;C:\Perl64\bin;C:\ProgramData\Oracle\Java\javapath;C:\WINDOWS\system32;C:\WINDOWS;C:\WINDOWS\System32\Wbem;C:\WINDOWS\System32\WindowsPowerShell\v1.0\;C:\Program Files\Git\cmd;C:\Program Files\nodejs\;C:\php;C:\flutter\bin;E:\Android\android-sdk\platform-tools;;C:\Program Files (x86)\NVIDIA Corporation\PhysX\Common;C:\Users\cristi\AppData\Roaming\npm;%USERPROFILE%\AppData\Local\Microsoft\WindowsApps;
USERNAME=cristi
OS=Windows_NT
PROCESSOR_IDENTIFIER=AMD64 Family 21 Model 1 Stepping 2, AuthenticAMD



---------------  S Y S T E M  ---------------

OS: Windows 10.0 , 64 bit Build 16299 (10.0.16299.15)

CPU:total 8 (initial active 8) (8 cores per cpu, 1 threads per core) family 21 model 1 stepping 2, cmov, cx8, fxsr, mmx, sse, sse2, sse3, ssse3, sse4.1, sse4.2, popcnt, avx, aes, clmul, mmxext, 3dnowpref, lzcnt, sse4a, tsc, tscinvbit, tscinv

Memory: 4k page, physical 33449420k(25395408k free), swap 38430156k(27914600k free)

vm_info: OpenJDK 64-Bit Server VM (25.152-b01) for windows-amd64 JRE (1.8.0_152-release-915-b01), built by "builder" with MS VC++ 10.0 (VS2010)

time: Tue Dec 26 12:04:38 2017
elapsed time: 11 seconds (0d 0h 0m 11s)

